app/build/outputs/logs/manifest-merger-release-report.txt
-- Merging decision tree log ---
manifest
ADDED from src\main\AndroidManifest.xml:2:1-28:12
	package
		ADDED from src\main\AndroidManifest.xml:3:5-47
		INJECTED from src\main\AndroidManifest.xml
		INJECTED from src\main\AndroidManifest.xml
	android:versionName
		ADDED from src\main\AndroidManifest.xml:5:5-30
		INJECTED from src\main\AndroidManifest.xml
		INJECTED from src\main\AndroidManifest.xml
	android:versionCode
		ADDED from src\main\AndroidManifest.xml:4:5-28
		INJECTED from src\main\AndroidManifest.xml
		INJECTED from src\main\AndroidManifest.xml
	xmlns:android
		ADDED from src\main\AndroidManifest.xml:2:11-69
application
ADDED from src\main\AndroidManifest.xml:7:5-26:19
	android:label
		ADDED from src\main\AndroidManifest.xml:9:9-41
	android:allowBackup
		ADDED from src\main\AndroidManifest.xml:8:9-35
	android:theme
		ADDED from src\main\AndroidManifest.xml:10:9-40
activity#com.wickham.android.musicservice.MainActivity
ADDED from src\main\AndroidManifest.xml:11:9-19:20
	android:label
		ADDED from src\main\AndroidManifest.xml:13:13-45
	android:name
		ADDED from src\main\AndroidManifest.xml:12:13-41
intent-filter#android.intent.action.MAIN+android.intent.category.LAUNCHER
ADDED from src\main\AndroidManifest.xml:14:13-18:29
action#android.intent.action.MAIN
ADDED from src\main\AndroidManifest.xml:15:17-69
	android:name
		ADDED from src\main\AndroidManifest.xml:15:25-66
category#android.intent.category.LAUNCHER
ADDED from src\main\AndroidManifest.xml:17:17-77
	android:name
		ADDED from src\main\AndroidManifest.xml:17:27-74
service#com.wickham.android.musicservice.MusicService
ADDED from src\main\AndroidManifest.xml:21:9-24:44
	android:enabled
		ADDED from src\main\AndroidManifest.xml:24:10-32
	android:label
		ADDED from src\main\AndroidManifest.xml:23:13-42
	android:name
		ADDED from src\main\AndroidManifest.xml:22:13-73
uses-sdk
INJECTED from src\main\AndroidManifest.xml reason: use-sdk injection requested
	android:targetSdkVersion
		INJECTED from src\main\AndroidManifest.xml
		INJECTED from src\main\AndroidManifest.xml
	android:minSdkVersion
		INJECTED from src\main\AndroidManifest.xml
		INJECTED from src\main\AndroidManifest.xml